org.eclipse.m2e.logback.configuration: The org.eclipse.m2e.logback.configuration bundle was activated before the state location was initialized.  Will retry after the state location is initialized.
org.eclipse.m2e.logback.configuration: Logback config file: /winshared/workspaces/linux/.metadata/.plugins/org.eclipse.m2e.logback.configuration/logback.1.7.0.20160603-1933.xml
SLF4J: Class path contains multiple SLF4J bindings.
SLF4J: Found binding in [bundleresource://952.fwk483589979:1/org/slf4j/impl/StaticLoggerBinder.class]
SLF4J: Found binding in [bundleresource://952.fwk483589979:2/org/slf4j/impl/StaticLoggerBinder.class]
SLF4J: See http://www.slf4j.org/codes.html#multiple_bindings for an explanation.
SLF4J: Actual binding is of type [ch.qos.logback.classic.util.ContextSelectorStaticBinder]
org.eclipse.m2e.logback.configuration: Initializing logback

(Eclipse:4307): Gtk-WARNING **: Negative content width -6 (allocation 1, extents 4x3) while allocating gadget (node toolbar, owner GtkToolbar)

(Eclipse:4307): Gtk-WARNING **: Negative content height -3 (allocation 1, extents 2x2) while allocating gadget (node toolbar, owner GtkToolbar)

(Eclipse:4307): Gtk-WARNING **: Negative content width -6 (allocation 1, extents 4x3) while allocating gadget (node toolbar, owner GtkToolbar)

(Eclipse:4307): Gtk-WARNING **: Negative content height -3 (allocation 1, extents 2x2) while allocating gadget (node toolbar, owner GtkToolbar)

(Eclipse:4307): Gtk-WARNING **: Negative content width -6 (allocation 1, extents 4x3) while allocating gadget (node toolbar, owner GtkToolbar)

(Eclipse:4307): Gtk-WARNING **: Negative content height -3 (allocation 1, extents 2x2) while allocating gadget (node toolbar, owner GtkToolbar)

(Eclipse:4307): Gtk-WARNING **: Negative content width -6 (allocation 1, extents 4x3) while allocating gadget (node toolbar, owner GtkToolbar)

(Eclipse:4307): Gtk-WARNING **: Negative content height -3 (allocation 1, extents 2x2) while allocating gadget (node toolbar, owner GtkToolbar)

(Eclipse:4307): Gtk-WARNING **: Negative content width -6 (allocation 1, extents 4x3) while allocating gadget (node toolbar, owner GtkToolbar)

(Eclipse:4307): Gtk-WARNING **: Negative content height -3 (allocation 1, extents 2x2) while allocating gadget (node toolbar, owner GtkToolbar)

(Eclipse:4307): Gtk-WARNING **: Negative content width -6 (allocation 1, extents 4x3) while allocating gadget (node toolbar, owner GtkToolbar)

(Eclipse:4307): Gtk-WARNING **: Negative content height -3 (allocation 1, extents 2x2) while allocating gadget (node toolbar, owner GtkToolbar)

(Eclipse:4307): Gtk-WARNING **: Negative content width -6 (allocation 1, extents 4x3) while allocating gadget (node toolbar, owner GtkToolbar)

(Eclipse:4307): Gtk-WARNING **: Negative content height -3 (allocation 1, extents 2x2) while allocating gadget (node toolbar, owner GtkToolbar)

(Eclipse:4307): Gtk-WARNING **: Negative content width -6 (allocation 1, extents 4x3) while allocating gadget (node toolbar, owner GtkToolbar)

(Eclipse:4307): Gtk-WARNING **: Negative content height -3 (allocation 1, extents 2x2) while allocating gadget (node toolbar, owner GtkToolbar)

(Eclipse:4307): Gtk-WARNING **: Negative content width -6 (allocation 1, extents 4x3) while allocating gadget (node toolbar, owner GtkToolbar)

(Eclipse:4307): Gtk-WARNING **: Negative content height -3 (allocation 1, extents 2x2) while allocating gadget (node toolbar, owner GtkToolbar)

(Eclipse:4307): Gtk-WARNING **: Negative content width -6 (allocation 1, extents 4x3) while allocating gadget (node toolbar, owner GtkToolbar)

(Eclipse:4307): Gtk-WARNING **: Negative content height -3 (allocation 1, extents 2x2) while allocating gadget (node toolbar, owner GtkToolbar)

(Eclipse:4307): Gtk-WARNING **: Negative content width -6 (allocation 1, extents 4x3) while allocating gadget (node toolbar, owner GtkToolbar)

(Eclipse:4307): Gtk-WARNING **: Negative content height -3 (allocation 1, extents 2x2) while allocating gadget (node toolbar, owner GtkToolbar)

(Eclipse:4307): Gtk-WARNING **: Negative content width -6 (allocation 1, extents 4x3) while allocating gadget (node toolbar, owner GtkToolbar)

(Eclipse:4307): Gtk-WARNING **: Negative content height -3 (allocation 1, extents 2x2) while allocating gadget (node toolbar, owner GtkToolbar)

(Eclipse:4307): Gtk-WARNING **: Negative content width -6 (allocation 1, extents 4x3) while allocating gadget (node toolbar, owner GtkToolbar)

(Eclipse:4307): Gtk-WARNING **: Negative content height -3 (allocation 1, extents 2x2) while allocating gadget (node toolbar, owner GtkToolbar)

(Eclipse:4307): Gtk-WARNING **: Negative content width -6 (allocation 1, extents 4x3) while allocating gadget (node toolbar, owner GtkToolbar)

(Eclipse:4307): Gtk-WARNING **: Negative content height -3 (allocation 1, extents 2x2) while allocating gadget (node toolbar, owner GtkToolbar)

(Eclipse:4307): Gtk-WARNING **: Negative content width -6 (allocation 1, extents 4x3) while allocating gadget (node toolbar, owner GtkToolbar)

(Eclipse:4307): Gtk-WARNING **: Negative content height -3 (allocation 1, extents 2x2) while allocating gadget (node toolbar, owner GtkToolbar)

(Eclipse:4307): Gtk-WARNING **: Negative content width -6 (allocation 1, extents 4x3) while allocating gadget (node toolbar, owner GtkToolbar)

(Eclipse:4307): Gtk-WARNING **: Negative content height -3 (allocation 1, extents 2x2) while allocating gadget (node toolbar, owner GtkToolbar)

(Eclipse:4307): Gtk-WARNING **: Negative content width -6 (allocation 1, extents 4x3) while allocating gadget (node toolbar, owner GtkToolbar)

(Eclipse:4307): Gtk-WARNING **: Negative content height -3 (allocation 1, extents 2x2) while allocating gadget (node toolbar, owner GtkToolbar)

(Eclipse:4307): Gtk-WARNING **: Negative content width -6 (allocation 1, extents 4x3) while allocating gadget (node toolbar, owner GtkToolbar)

(Eclipse:4307): Gtk-WARNING **: Negative content height -3 (allocation 1, extents 2x2) while allocating gadget (node toolbar, owner GtkToolbar)

(Eclipse:4307): Gtk-WARNING **: Negative content width -6 (allocation 1, extents 4x3) while allocating gadget (node toolbar, owner GtkToolbar)

(Eclipse:4307): Gtk-WARNING **: Negative content height -3 (allocation 1, extents 2x2) while allocating gadget (node toolbar, owner GtkToolbar)

(Eclipse:4307): Gtk-WARNING **: Negative content width -6 (allocation 1, extents 4x3) while allocating gadget (node toolbar, owner GtkToolbar)

(Eclipse:4307): Gtk-WARNING **: Negative content height -3 (allocation 1, extents 2x2) while allocating gadget (node toolbar, owner GtkToolbar)

(Eclipse:4307): Gtk-WARNING **: Negative content width -6 (allocation 1, extents 4x3) while allocating gadget (node toolbar, owner GtkToolbar)

(Eclipse:4307): Gtk-WARNING **: Negative content height -3 (allocation 1, extents 2x2) while allocating gadget (node toolbar, owner GtkToolbar)

(Eclipse:4307): Gtk-WARNING **: Negative content width -6 (allocation 1, extents 4x3) while allocating gadget (node toolbar, owner GtkToolbar)

(Eclipse:4307): Gtk-WARNING **: Negative content height -3 (allocation 1, extents 2x2) while allocating gadget (node toolbar, owner GtkToolbar)

(Eclipse:4307): Gtk-WARNING **: Negative content width -6 (allocation 1, extents 4x3) while allocating gadget (node toolbar, owner GtkToolbar)

(Eclipse:4307): Gtk-WARNING **: Negative content height -3 (allocation 1, extents 2x2) while allocating gadget (node toolbar, owner GtkToolbar)

(Eclipse:4307): Gtk-WARNING **: Negative content width -6 (allocation 1, extents 4x3) while allocating gadget (node toolbar, owner GtkToolbar)

(Eclipse:4307): Gtk-WARNING **: Negative content height -3 (allocation 1, extents 2x2) while allocating gadget (node toolbar, owner GtkToolbar)

(Eclipse:4307): Gtk-WARNING **: Negative content width -6 (allocation 1, extents 4x3) while allocating gadget (node toolbar, owner GtkToolbar)

(Eclipse:4307): Gtk-WARNING **: Negative content height -3 (allocation 1, extents 2x2) while allocating gadget (node toolbar, owner GtkToolbar)

(Eclipse:4307): Gtk-WARNING **: Negative content width -6 (allocation 1, extents 4x3) while allocating gadget (node toolbar, owner GtkToolbar)

(Eclipse:4307): Gtk-WARNING **: Negative content height -3 (allocation 1, extents 2x2) while allocating gadget (node toolbar, owner GtkToolbar)

(Eclipse:4307): Gtk-WARNING **: Negative content width -6 (allocation 1, extents 4x3) while allocating gadget (node toolbar, owner GtkToolbar)

(Eclipse:4307): Gtk-WARNING **: Negative content height -3 (allocation 1, extents 2x2) while allocating gadget (node toolbar, owner GtkToolbar)

(Eclipse:4307): Gtk-WARNING **: Negative content width -6 (allocation 1, extents 4x3) while allocating gadget (node toolbar, owner GtkToolbar)

(Eclipse:4307): Gtk-WARNING **: Negative content height -3 (allocation 1, extents 2x2) while allocating gadget (node toolbar, owner GtkToolbar)

(Eclipse:4307): Gtk-WARNING **: Negative content width -6 (allocation 1, extents 4x3) while allocating gadget (node toolbar, owner GtkToolbar)

(Eclipse:4307): Gtk-WARNING **: Negative content height -3 (allocation 1, extents 2x2) while allocating gadget (node toolbar, owner GtkToolbar)

(Eclipse:4307): Gtk-WARNING **: Negative content width -6 (allocation 1, extents 4x3) while allocating gadget (node toolbar, owner GtkToolbar)

(Eclipse:4307): Gtk-WARNING **: Negative content height -3 (allocation 1, extents 2x2) while allocating gadget (node toolbar, owner GtkToolbar)

(Eclipse:4307): Gtk-WARNING **: Negative content width -6 (allocation 1, extents 4x3) while allocating gadget (node toolbar, owner GtkToolbar)

(Eclipse:4307): Gtk-WARNING **: Negative content height -3 (allocation 1, extents 2x2) while allocating gadget (node toolbar, owner GtkToolbar)

(Eclipse:4307): Gtk-WARNING **: Negative content width -6 (allocation 1, extents 4x3) while allocating gadget (node toolbar, owner GtkToolbar)

(Eclipse:4307): Gtk-WARNING **: Negative content height -3 (allocation 1, extents 2x2) while allocating gadget (node toolbar, owner GtkToolbar)

(Eclipse:4307): Gtk-WARNING **: Negative content width -6 (allocation 1, extents 4x3) while allocating gadget (node toolbar, owner GtkToolbar)

(Eclipse:4307): Gtk-WARNING **: Negative content height -3 (allocation 1, extents 2x2) while allocating gadget (node toolbar, owner GtkToolbar)

(Eclipse:4307): Gtk-WARNING **: Negative content width -6 (allocation 1, extents 4x3) while allocating gadget (node toolbar, owner GtkToolbar)

(Eclipse:4307): Gtk-WARNING **: Negative content height -3 (allocation 1, extents 2x2) while allocating gadget (node toolbar, owner GtkToolbar)

(Eclipse:4307): Gtk-WARNING **: Negative content width -6 (allocation 1, extents 4x3) while allocating gadget (node toolbar, owner GtkToolbar)

(Eclipse:4307): Gtk-WARNING **: Negative content height -3 (allocation 1, extents 2x2) while allocating gadget (node toolbar, owner GtkToolbar)

(Eclipse:4307): Gtk-WARNING **: Negative content width -6 (allocation 1, extents 4x3) while allocating gadget (node toolbar, owner GtkToolbar)

(Eclipse:4307): Gtk-WARNING **: Negative content height -3 (allocation 1, extents 2x2) while allocating gadget (node toolbar, owner GtkToolbar)

(Eclipse:4307): Gtk-WARNING **: Negative content width -6 (allocation 1, extents 4x3) while allocating gadget (node toolbar, owner GtkToolbar)

(Eclipse:4307): Gtk-WARNING **: Negative content height -3 (allocation 1, extents 2x2) while allocating gadget (node toolbar, owner GtkToolbar)

(Eclipse:4307): Gtk-WARNING **: Negative content width -6 (allocation 1, extents 4x3) while allocating gadget (node toolbar, owner GtkToolbar)

(Eclipse:4307): Gtk-WARNING **: Negative content height -3 (allocation 1, extents 2x2) while allocating gadget (node toolbar, owner GtkToolbar)

(Eclipse:4307): Gtk-WARNING **: Negative content width -6 (allocation 1, extents 4x3) while allocating gadget (node toolbar, owner GtkToolbar)

(Eclipse:4307): Gtk-WARNING **: Negative content height -3 (allocation 1, extents 2x2) while allocating gadget (node toolbar, owner GtkToolbar)

(Eclipse:4307): Gtk-WARNING **: Negative content width -6 (allocation 1, extents 4x3) while allocating gadget (node toolbar, owner GtkToolbar)

(Eclipse:4307): Gtk-WARNING **: Negative content height -3 (allocation 1, extents 2x2) while allocating gadget (node toolbar, owner GtkToolbar)

(Eclipse:4307): Gtk-WARNING **: Allocating size to GtkBox 0x7fd3bc8e3190 without calling gtk_widget_get_preferred_width/height(). How does the code know the size to allocate?

(Eclipse:4307): Gtk-CRITICAL **: gtk_box_gadget_distribute: assertion 'size >= 0' failed in GtkScrollbar

(Eclipse:4307): Gtk-WARNING **: Negative content width -6 (allocation 1, extents 4x3) while allocating gadget (node toolbar, owner GtkToolbar)

(Eclipse:4307): Gtk-WARNING **: Negative content height -3 (allocation 1, extents 2x2) while allocating gadget (node toolbar, owner GtkToolbar)

(Eclipse:4307): Gtk-WARNING **: Negative content width -6 (allocation 1, extents 4x3) while allocating gadget (node toolbar, owner GtkToolbar)

(Eclipse:4307): Gtk-WARNING **: Negative content height -3 (allocation 1, extents 2x2) while allocating gadget (node toolbar, owner GtkToolbar)

(Eclipse:4307): Gtk-WARNING **: Allocating size to GtkBox 0x7fd3bc8e3190 without calling gtk_widget_get_preferred_width/height(). How does the code know the size to allocate?

(Eclipse:4307): Gtk-WARNING **: Negative content width -6 (allocation 1, extents 4x3) while allocating gadget (node toolbar, owner GtkToolbar)

(Eclipse:4307): Gtk-WARNING **: Negative content width -6 (allocation 1, extents 4x3) while allocating gadget (node toolbar, owner GtkToolbar)

(Eclipse:4307): Gtk-WARNING **: Negative content width -6 (allocation 1, extents 4x3) while allocating gadget (node toolbar, owner GtkToolbar)

(Eclipse:4307): Gtk-WARNING **: Negative content width -6 (allocation 1, extents 4x3) while allocating gadget (node toolbar, owner GtkToolbar)

(Eclipse:4307): Gtk-WARNING **: Negative content width -1 (allocation 1, extents 1x1) while allocating gadget (node trough, owner GtkProgressBar)

(Eclipse:4307): Gtk-WARNING **: Negative content width -1 (allocation 1, extents 1x1) while allocating gadget (node trough, owner GtkProgressBar)

(Eclipse:4307): Gtk-WARNING **: Negative content width -6 (allocation 1, extents 4x3) while allocating gadget (node toolbar, owner GtkToolbar)

(Eclipse:4307): Gtk-WARNING **: Negative content width -6 (allocation 1, extents 4x3) while allocating gadget (node toolbar, owner GtkToolbar)

(Eclipse:4307): Gtk-WARNING **: Negative content width -6 (allocation 1, extents 4x3) while allocating gadget (node toolbar, owner GtkToolbar)

(Eclipse:4307): Gtk-WARNING **: Negative content width -6 (allocation 1, extents 4x3) while allocating gadget (node toolbar, owner GtkToolbar)

(Eclipse:4307): Gtk-WARNING **: Negative content width -6 (allocation 1, extents 4x3) while allocating gadget (node toolbar, owner GtkToolbar)

(Eclipse:4307): Gtk-WARNING **: Negative content width -6 (allocation 1, extents 4x3) while allocating gadget (node toolbar, owner GtkToolbar)

(Eclipse:4307): Gtk-WARNING **: Negative content width -6 (allocation 1, extents 4x3) while allocating gadget (node toolbar, owner GtkToolbar)

(Eclipse:4307): Gtk-WARNING **: Negative content width -6 (allocation 1, extents 4x3) while allocating gadget (node toolbar, owner GtkToolbar)

(Eclipse:4307): Gtk-WARNING **: Negative content width -6 (allocation 1, extents 4x3) while allocating gadget (node toolbar, owner GtkToolbar)

(Eclipse:4307): Gtk-WARNING **: Negative content width -6 (allocation 1, extents 4x3) while allocating gadget (node toolbar, owner GtkToolbar)

(Eclipse:4307): Gtk-WARNING **: Negative content width -6 (allocation 1, extents 4x3) while allocating gadget (node toolbar, owner GtkToolbar)

(Eclipse:4307): Gtk-WARNING **: Negative content height -3 (allocation 1, extents 2x2) while allocating gadget (node toolbar, owner GtkToolbar)

(Eclipse:4307): Gtk-WARNING **: Negative content width -6 (allocation 1, extents 4x3) while allocating gadget (node toolbar, owner GtkToolbar)

(Eclipse:4307): Gtk-WARNING **: Negative content height -3 (allocation 1, extents 2x2) while allocating gadget (node toolbar, owner GtkToolbar)

(Eclipse:4307): Gtk-WARNING **: Allocating size to GtkScrolledWindow 0x7fd3bc215900 without calling gtk_widget_get_preferred_width/height(). How does the code know the size to allocate?

(Eclipse:4307): Gtk-WARNING **: Negative content width -6 (allocation 1, extents 4x3) while allocating gadget (node toolbar, owner GtkToolbar)

(Eclipse:4307): Gtk-WARNING **: Negative content width -6 (allocation 1, extents 4x3) while allocating gadget (node toolbar, owner GtkToolbar)

(Eclipse:4307): Gtk-WARNING **: Negative content width -6 (allocation 1, extents 4x3) while allocating gadget (node toolbar, owner GtkToolbar)

(Eclipse:4307): Gtk-WARNING **: Negative content width -6 (allocation 1, extents 4x3) while allocating gadget (node toolbar, owner GtkToolbar)

(Eclipse:4307): Gtk-WARNING **: Negative content width -6 (allocation 1, extents 4x3) while allocating gadget (node toolbar, owner GtkToolbar)

(Eclipse:4307): Gtk-WARNING **: Negative content width -6 (allocation 1, extents 4x3) while allocating gadget (node toolbar, owner GtkToolbar)

(Eclipse:4307): Gtk-WARNING **: Negative content width -6 (allocation 1, extents 4x3) while allocating gadget (node toolbar, owner GtkToolbar)

(Eclipse:4307): Gtk-WARNING **: Allocating size to GtkScrolledWindow 0x7fd3bf2417f0 without calling gtk_widget_get_preferred_width/height(). How does the code know the size to allocate?

(Eclipse:4307): Gtk-WARNING **: Negative content width -6 (allocation 1, extents 4x3) while allocating gadget (node toolbar, owner GtkToolbar)

(Eclipse:4307): Gtk-WARNING **: Allocating size to GtkScrolledWindow 0x7fd3bc2155c0 without calling gtk_widget_get_preferred_width/height(). How does the code know the size to allocate?

(Eclipse:4307): Gtk-WARNING **: Allocating size to GtkScrolledWindow 0x7fd3bc2155c0 without calling gtk_widget_get_preferred_width/height(). How does the code know the size to allocate?

(Eclipse:4307): Gtk-WARNING **: Negative content width -6 (allocation 1, extents 4x3) while allocating gadget (node toolbar, owner GtkToolbar)

(Eclipse:4307): Gtk-WARNING **: Negative content height -3 (allocation 1, extents 2x2) while allocating gadget (node toolbar, owner GtkToolbar)

(Eclipse:4307): Gtk-WARNING **: Negative content width -6 (allocation 1, extents 4x3) while allocating gadget (node toolbar, owner GtkToolbar)

(Eclipse:4307): Gtk-WARNING **: Negative content height -3 (allocation 1, extents 2x2) while allocating gadget (node toolbar, owner GtkToolbar)

(Eclipse:4307): Gtk-WARNING **: Negative content width -6 (allocation 1, extents 4x3) while allocating gadget (node toolbar, owner GtkToolbar)

(Eclipse:4307): Gtk-WARNING **: Negative content width -6 (allocation 1, extents 4x3) while allocating gadget (node toolbar, owner GtkToolbar)

(Eclipse:4307): Gtk-WARNING **: Negative content width -6 (allocation 1, extents 4x3) while allocating gadget (node toolbar, owner GtkToolbar)

(Eclipse:4307): Gtk-WARNING **: Negative content width -6 (allocation 1, extents 4x3) while allocating gadget (node toolbar, owner GtkToolbar)

(Eclipse:4307): Gtk-WARNING **: Negative content width -6 (allocation 1, extents 4x3) while allocating gadget (node toolbar, owner GtkToolbar)

(Eclipse:4307): Gtk-WARNING **: Negative content width -6 (allocation 1, extents 4x3) while allocating gadget (node toolbar, owner GtkToolbar)

(Eclipse:4307): Gtk-WARNING **: Negative content width -6 (allocation 1, extents 4x3) while allocating gadget (node toolbar, owner GtkToolbar)

(Eclipse:4307): Gtk-WARNING **: Negative content width -6 (allocation 1, extents 4x3) while allocating gadget (node toolbar, owner GtkToolbar)

(Eclipse:4307): Gtk-WARNING **: Negative content width -6 (allocation 1, extents 4x3) while allocating gadget (node toolbar, owner GtkToolbar)

(Eclipse:4307): Gtk-WARNING **: Negative content width -6 (allocation 1, extents 4x3) while allocating gadget (node toolbar, owner GtkToolbar)

(Eclipse:4307): Gtk-WARNING **: Negative content width -6 (allocation 1, extents 4x3) while allocating gadget (node toolbar, owner GtkToolbar)

(Eclipse:4307): Gtk-WARNING **: Negative content width -6 (allocation 1, extents 4x3) while allocating gadget (node toolbar, owner GtkToolbar)

(Eclipse:4307): Gtk-WARNING **: Negative content width -6 (allocation 1, extents 4x3) while allocating gadget (node toolbar, owner GtkToolbar)

(Eclipse:4307): Gtk-WARNING **: Negative content width -6 (allocation 1, extents 4x3) while allocating gadget (node toolbar, owner GtkToolbar)

(Eclipse:4307): Gtk-WARNING **: Negative content width -6 (allocation 1, extents 4x3) while allocating gadget (node toolbar, owner GtkToolbar)

(Eclipse:4307): Gtk-WARNING **: Negative content width -6 (allocation 1, extents 4x3) while allocating gadget (node toolbar, owner GtkToolbar)

(Eclipse:4307): Gtk-WARNING **: Negative content width -6 (allocation 1, extents 4x3) while allocating gadget (node toolbar, owner GtkToolbar)

(Eclipse:4307): Gtk-WARNING **: Negative content width -6 (allocation 1, extents 4x3) while allocating gadget (node toolbar, owner GtkToolbar)

(Eclipse:4307): Gtk-WARNING **: Negative content width -6 (allocation 1, extents 4x3) while allocating gadget (node toolbar, owner GtkToolbar)

(Eclipse:4307): Gtk-WARNING **: Negative content width -6 (allocation 1, extents 4x3) while allocating gadget (node toolbar, owner GtkToolbar)

(Eclipse:4307): Gtk-WARNING **: Negative content width -6 (allocation 1, extents 4x3) while allocating gadget (node toolbar, owner GtkToolbar)

(Eclipse:4307): Gtk-WARNING **: Negative content width -6 (allocation 1, extents 4x3) while allocating gadget (node toolbar, owner GtkToolbar)

(Eclipse:4307): Gtk-WARNING **: Negative content width -6 (allocation 1, extents 4x3) while allocating gadget (node toolbar, owner GtkToolbar)

(Eclipse:4307): Gtk-WARNING **: Negative content width -6 (allocation 1, extents 4x3) while allocating gadget (node toolbar, owner GtkToolbar)

(Eclipse:4307): Gtk-WARNING **: Negative content width -6 (allocation 1, extents 4x3) while allocating gadget (node toolbar, owner GtkToolbar)

(Eclipse:4307): Gtk-WARNING **: Negative content width -6 (allocation 1, extents 4x3) while allocating gadget (node toolbar, owner GtkToolbar)

(Eclipse:4307): Gtk-WARNING **: Negative content width -6 (allocation 1, extents 4x3) while allocating gadget (node toolbar, owner GtkToolbar)

(Eclipse:4307): Gtk-WARNING **: Negative content width -6 (allocation 1, extents 4x3) while allocating gadget (node toolbar, owner GtkToolbar)

(Eclipse:4307): Gtk-WARNING **: Negative content width -6 (allocation 1, extents 4x3) while allocating gadget (node toolbar, owner GtkToolbar)

(Eclipse:4307): Gtk-WARNING **: Negative content width -6 (allocation 1, extents 4x3) while allocating gadget (node toolbar, owner GtkToolbar)

(Eclipse:4307): Gtk-WARNING **: Negative content width -6 (allocation 1, extents 4x3) while allocating gadget (node toolbar, owner GtkToolbar)

(Eclipse:4307): Gtk-WARNING **: Negative content width -6 (allocation 1, extents 4x3) while allocating gadget (node toolbar, owner GtkToolbar)

(Eclipse:4307): Gtk-WARNING **: Negative content width -6 (allocation 1, extents 4x3) while allocating gadget (node toolbar, owner GtkToolbar)

(Eclipse:4307): Gtk-WARNING **: Negative content width -6 (allocation 1, extents 4x3) while allocating gadget (node toolbar, owner GtkToolbar)

(Eclipse:4307): Gtk-WARNING **: Negative content width -6 (allocation 1, extents 4x3) while allocating gadget (node toolbar, owner GtkToolbar)

(Eclipse:4307): Gtk-WARNING **: Negative content width -6 (allocation 1, extents 4x3) while allocating gadget (node toolbar, owner GtkToolbar)

(Eclipse:4307): Gtk-WARNING **: Negative content width -6 (allocation 1, extents 4x3) while allocating gadget (node toolbar, owner GtkToolbar)

(Eclipse:4307): Gtk-WARNING **: Negative content width -6 (allocation 1, extents 4x3) while allocating gadget (node toolbar, owner GtkToolbar)

(Eclipse:4307): Gtk-WARNING **: Negative content width -6 (allocation 1, extents 4x3) while allocating gadget (node toolbar, owner GtkToolbar)

(Eclipse:4307): Gtk-WARNING **: Negative content width -6 (allocation 1, extents 4x3) while allocating gadget (node toolbar, owner GtkToolbar)

(Eclipse:4307): Gtk-WARNING **: Negative content width -6 (allocation 1, extents 4x3) while allocating gadget (node toolbar, owner GtkToolbar)

(Eclipse:4307): Gtk-WARNING **: Negative content width -6 (allocation 1, extents 4x3) while allocating gadget (node toolbar, owner GtkToolbar)

(Eclipse:4307): Gtk-WARNING **: Negative content width -6 (allocation 1, extents 4x3) while allocating gadget (node toolbar, owner GtkToolbar)

(Eclipse:4307): Gtk-WARNING **: Negative content width -6 (allocation 1, extents 4x3) while allocating gadget (node toolbar, owner GtkToolbar)

(Eclipse:4307): Gtk-WARNING **: Negative content width -6 (allocation 1, extents 4x3) while allocating gadget (node toolbar, owner GtkToolbar)

(Eclipse:4307): Gtk-WARNING **: Negative content width -6 (allocation 1, extents 4x3) while allocating gadget (node toolbar, owner GtkToolbar)

(Eclipse:4307): Gtk-WARNING **: Negative content width -6 (allocation 1, extents 4x3) while allocating gadget (node toolbar, owner GtkToolbar)

(Eclipse:4307): Gtk-WARNING **: Negative content width -6 (allocation 1, extents 4x3) while allocating gadget (node toolbar, owner GtkToolbar)

(Eclipse:4307): Gtk-WARNING **: Negative content width -6 (allocation 1, extents 4x3) while allocating gadget (node toolbar, owner GtkToolbar)

(Eclipse:4307): Gtk-WARNING **: Negative content width -6 (allocation 1, extents 4x3) while allocating gadget (node toolbar, owner GtkToolbar)

(Eclipse:4307): Gtk-WARNING **: Negative content width -6 (allocation 1, extents 4x3) while allocating gadget (node toolbar, owner GtkToolbar)

(Eclipse:4307): Gtk-WARNING **: Negative content width -6 (allocation 1, extents 4x3) while allocating gadget (node toolbar, owner GtkToolbar)

(Eclipse:4307): Gtk-WARNING **: Negative content width -6 (allocation 1, extents 4x3) while allocating gadget (node toolbar, owner GtkToolbar)

(Eclipse:4307): Gtk-WARNING **: Negative content width -6 (allocation 1, extents 4x3) while allocating gadget (node toolbar, owner GtkToolbar)

(Eclipse:4307): Gtk-WARNING **: Negative content width -6 (allocation 1, extents 4x3) while allocating gadget (node toolbar, owner GtkToolbar)

(Eclipse:4307): Gtk-WARNING **: Negative content width -6 (allocation 1, extents 4x3) while allocating gadget (node toolbar, owner GtkToolbar)

(Eclipse:4307): Gtk-WARNING **: Negative content width -6 (allocation 1, extents 4x3) while allocating gadget (node toolbar, owner GtkToolbar)

(Eclipse:4307): Gtk-WARNING **: Negative content width -6 (allocation 1, extents 4x3) while allocating gadget (node toolbar, owner GtkToolbar)

(Eclipse:4307): Gtk-WARNING **: Negative content width -6 (allocation 1, extents 4x3) while allocating gadget (node toolbar, owner GtkToolbar)

(Eclipse:4307): Gtk-WARNING **: Negative content width -6 (allocation 1, extents 4x3) while allocating gadget (node toolbar, owner GtkToolbar)

(Eclipse:4307): Gtk-WARNING **: Negative content width -6 (allocation 1, extents 4x3) while allocating gadget (node toolbar, owner GtkToolbar)

(Eclipse:4307): Gtk-WARNING **: Negative content width -6 (allocation 1, extents 4x3) while allocating gadget (node toolbar, owner GtkToolbar)

(Eclipse:4307): Gtk-WARNING **: Negative content width -6 (allocation 1, extents 4x3) while allocating gadget (node toolbar, owner GtkToolbar)

(Eclipse:4307): Gtk-WARNING **: Negative content width -6 (allocation 1, extents 4x3) while allocating gadget (node toolbar, owner GtkToolbar)

(Eclipse:4307): Gtk-WARNING **: Negative content width -6 (allocation 1, extents 4x3) while allocating gadget (node toolbar, owner GtkToolbar)

(Eclipse:4307): Gtk-WARNING **: Negative content width -6 (allocation 1, extents 4x3) while allocating gadget (node toolbar, owner GtkToolbar)

(Eclipse:4307): Gtk-WARNING **: Negative content width -6 (allocation 1, extents 4x3) while allocating gadget (node toolbar, owner GtkToolbar)

(Eclipse:4307): Gtk-WARNING **: Negative content width -6 (allocation 1, extents 4x3) while allocating gadget (node toolbar, owner GtkToolbar)

(Eclipse:4307): Gtk-WARNING **: Negative content width -6 (allocation 1, extents 4x3) while allocating gadget (node toolbar, owner GtkToolbar)

(Eclipse:4307): Gtk-WARNING **: Negative content width -6 (allocation 1, extents 4x3) while allocating gadget (node toolbar, owner GtkToolbar)

(Eclipse:4307): Gtk-WARNING **: Negative content width -6 (allocation 1, extents 4x3) while allocating gadget (node toolbar, owner GtkToolbar)

(Eclipse:4307): Gtk-WARNING **: Negative content width -6 (allocation 1, extents 4x3) while allocating gadget (node toolbar, owner GtkToolbar)

(Eclipse:4307): Gtk-WARNING **: Negative content width -6 (allocation 1, extents 4x3) while allocating gadget (node toolbar, owner GtkToolbar)

(Eclipse:4307): Gtk-WARNING **: Negative content width -6 (allocation 1, extents 4x3) while allocating gadget (node toolbar, owner GtkToolbar)

(Eclipse:4307): Gtk-WARNING **: Negative content width -6 (allocation 1, extents 4x3) while allocating gadget (node toolbar, owner GtkToolbar)

(Eclipse:4307): Gtk-WARNING **: Negative content width -6 (allocation 1, extents 4x3) while allocating gadget (node toolbar, owner GtkToolbar)

(Eclipse:4307): Gtk-WARNING **: Negative content width -6 (allocation 1, extents 4x3) while allocating gadget (node toolbar, owner GtkToolbar)

(Eclipse:4307): Gtk-WARNING **: Negative content width -6 (allocation 1, extents 4x3) while allocating gadget (node toolbar, owner GtkToolbar)

(Eclipse:4307): Gtk-WARNING **: Negative content width -6 (allocation 1, extents 4x3) while allocating gadget (node toolbar, owner GtkToolbar)

(Eclipse:4307): Gtk-WARNING **: Negative content width -6 (allocation 1, extents 4x3) while allocating gadget (node toolbar, owner GtkToolbar)

(Eclipse:4307): Gtk-WARNING **: Negative content width -6 (allocation 1, extents 4x3) while allocating gadget (node toolbar, owner GtkToolbar)

(Eclipse:4307): Gtk-WARNING **: Negative content width -6 (allocation 1, extents 4x3) while allocating gadget (node toolbar, owner GtkToolbar)

(Eclipse:4307): Gtk-WARNING **: Negative content width -6 (allocation 1, extents 4x3) while allocating gadget (node toolbar, owner GtkToolbar)

(Eclipse:4307): Gtk-WARNING **: Allocating size to GtkScrolledWindow 0x7fd3bc2155c0 without calling gtk_widget_get_preferred_width/height(). How does the code know the size to allocate?

(Eclipse:4307): Gtk-WARNING **: Allocating size to GtkScrolledWindow 0x7fd3bc2155c0 without calling gtk_widget_get_preferred_width/height(). How does the code know the size to allocate?

(Eclipse:4307): Gtk-WARNING **: Negative content width -6 (allocation 1, extents 4x3) while allocating gadget (node toolbar, owner GtkToolbar)

(Eclipse:4307): Gtk-WARNING **: Negative content width -6 (allocation 1, extents 4x3) while allocating gadget (node toolbar, owner GtkToolbar)

(Eclipse:4307): Gtk-WARNING **: Negative content width -6 (allocation 1, extents 4x3) while allocating gadget (node toolbar, owner GtkToolbar)

(Eclipse:4307): Gtk-WARNING **: Negative content width -6 (allocation 1, extents 4x3) while allocating gadget (node toolbar, owner GtkToolbar)

(Eclipse:4307): Gtk-WARNING **: Negative content width -6 (allocation 1, extents 4x3) while allocating gadget (node toolbar, owner GtkToolbar)

(Eclipse:4307): Gtk-WARNING **: Negative content width -6 (allocation 1, extents 4x3) while allocating gadget (node toolbar, owner GtkToolbar)

(Eclipse:4307): Gtk-WARNING **: Negative content width -6 (allocation 1, extents 4x3) while allocating gadget (node toolbar, owner GtkToolbar)

(Eclipse:4307): Gtk-WARNING **: Negative content width -6 (allocation 1, extents 4x3) while allocating gadget (node toolbar, owner GtkToolbar)

(Eclipse:4307): Gtk-WARNING **: Negative content width -1 (allocation 1, extents 1x1) while allocating gadget (node trough, owner GtkProgressBar)

(Eclipse:4307): Gtk-WARNING **: Negative content width -1 (allocation 1, extents 1x1) while allocating gadget (node trough, owner GtkProgressBar)

(Eclipse:4307): Gtk-WARNING **: Allocating size to GtkScrolledWindow 0x7fd3bc2155c0 without calling gtk_widget_get_preferred_width/height(). How does the code know the size to allocate?

(Eclipse:4307): Gtk-WARNING **: Negative content width -6 (allocation 1, extents 4x3) while allocating gadget (node toolbar, owner GtkToolbar)

(Eclipse:4307): Gtk-WARNING **: Negative content width -6 (allocation 1, extents 4x3) while allocating gadget (node toolbar, owner GtkToolbar)

(Eclipse:4307): Gtk-WARNING **: Negative content width -6 (allocation 1, extents 4x3) while allocating gadget (node toolbar, owner GtkToolbar)

(Eclipse:4307): Gtk-WARNING **: Negative content height -3 (allocation 1, extents 2x2) while allocating gadget (node toolbar, owner GtkToolbar)

(Eclipse:4307): Gtk-WARNING **: Negative content width -6 (allocation 1, extents 4x3) while allocating gadget (node toolbar, owner GtkToolbar)

(Eclipse:4307): Gtk-WARNING **: Negative content height -3 (allocation 1, extents 2x2) while allocating gadget (node toolbar, owner GtkToolbar)

(Eclipse:4307): Gtk-WARNING **: Allocating size to GtkScrolledWindow 0x7fd3bf2414b0 without calling gtk_widget_get_preferred_width/height(). How does the code know the size to allocate?

(Eclipse:4307): Gtk-WARNING **: Allocating size to GtkScrolledWindow 0x7fd2b9a74540 without calling gtk_widget_get_preferred_width/height(). How does the code know the size to allocate?

(Eclipse:4307): Gtk-WARNING **: Allocating size to GtkScrolledWindow 0x7fd2b9021d90 without calling gtk_widget_get_preferred_width/height(). How does the code know the size to allocate?

(Eclipse:4307): Gtk-WARNING **: Negative content width -6 (allocation 1, extents 4x3) while allocating gadget (node toolbar, owner GtkToolbar)

(Eclipse:4307): Gtk-WARNING **: Negative content width -6 (allocation 1, extents 4x3) while allocating gadget (node toolbar, owner GtkToolbar)

(Eclipse:4307): Gtk-WARNING **: Negative content width -6 (allocation 1, extents 4x3) while allocating gadget (node toolbar, owner GtkToolbar)

(Eclipse:4307): Gtk-WARNING **: Negative content width -6 (allocation 1, extents 4x3) while allocating gadget (node toolbar, owner GtkToolbar)

(Eclipse:4307): Gtk-WARNING **: Negative content width -6 (allocation 1, extents 4x3) while allocating gadget (node toolbar, owner GtkToolbar)

(Eclipse:4307): Gtk-WARNING **: Negative content width -6 (allocation 1, extents 4x3) while allocating gadget (node toolbar, owner GtkToolbar)

(Eclipse:4307): Gtk-WARNING **: Allocating size to GtkScrolledWindow 0x7fd2b9a74540 without calling gtk_widget_get_preferred_width/height(). How does the code know the size to allocate?

(Eclipse:4307): Gtk-WARNING **: Negative content width -6 (allocation 1, extents 4x3) while allocating gadget (node toolbar, owner GtkToolbar)

(Eclipse:4307): Gtk-WARNING **: Negative content width -6 (allocation 1, extents 4x3) while allocating gadget (node toolbar, owner GtkToolbar)

(Eclipse:4307): Gtk-WARNING **: Negative content width -6 (allocation 1, extents 4x3) while allocating gadget (node toolbar, owner GtkToolbar)

(Eclipse:4307): Gtk-WARNING **: Negative content width -6 (allocation 1, extents 4x3) while allocating gadget (node toolbar, owner GtkToolbar)

(Eclipse:4307): Gtk-WARNING **: Allocating size to GtkScrolledWindow 0x7fd2b9a74540 without calling gtk_widget_get_preferred_width/height(). How does the code know the size to allocate?

(Eclipse:4307): Gtk-WARNING **: Negative content width -6 (allocation 1, extents 4x3) while allocating gadget (node toolbar, owner GtkToolbar)

(Eclipse:4307): Gtk-WARNING **: Negative content width -6 (allocation 1, extents 4x3) while allocating gadget (node toolbar, owner GtkToolbar)

(Eclipse:4307): Gtk-WARNING **: Negative content width -6 (allocation 1, extents 4x3) while allocating gadget (node toolbar, owner GtkToolbar)

(Eclipse:4307): Gtk-WARNING **: Negative content width -6 (allocation 1, extents 4x3) while allocating gadget (node toolbar, owner GtkToolbar)

(Eclipse:4307): Gtk-WARNING **: Negative content width -6 (allocation 1, extents 4x3) while allocating gadget (node toolbar, owner GtkToolbar)

(Eclipse:4307): Gtk-WARNING **: Negative content width -6 (allocation 1, extents 4x3) while allocating gadget (node toolbar, owner GtkToolbar)

(Eclipse:4307): Gtk-WARNING **: Negative content width -6 (allocation 1, extents 4x3) while allocating gadget (node toolbar, owner GtkToolbar)

(Eclipse:4307): Gtk-WARNING **: Negative content width -6 (allocation 1, extents 4x3) while allocating gadget (node toolbar, owner GtkToolbar)

(Eclipse:4307): Gtk-WARNING **: Negative content width -6 (allocation 1, extents 4x3) while allocating gadget (node toolbar, owner GtkToolbar)

(Eclipse:4307): Gtk-WARNING **: Negative content width -6 (allocation 1, extents 4x3) while allocating gadget (node toolbar, owner GtkToolbar)

(Eclipse:4307): Gtk-WARNING **: Allocating size to GtkScrolledWindow 0x7fd3bf2414b0 without calling gtk_widget_get_preferred_width/height(). How does the code know the size to allocate?

(Eclipse:4307): Gtk-WARNING **: Negative content width -6 (allocation 1, extents 4x3) while allocating gadget (node toolbar, owner GtkToolbar)

(Eclipse:4307): Gtk-WARNING **: Negative content width -6 (allocation 1, extents 4x3) while allocating gadget (node toolbar, owner GtkToolbar)

(Eclipse:4307): Gtk-WARNING **: Negative content width -6 (allocation 1, extents 4x3) while allocating gadget (node toolbar, owner GtkToolbar)

(Eclipse:4307): Gtk-WARNING **: Negative content width -6 (allocation 1, extents 4x3) while allocating gadget (node toolbar, owner GtkToolbar)

(Eclipse:4307): Gtk-WARNING **: Negative content width -6 (allocation 1, extents 4x3) while allocating gadget (node toolbar, owner GtkToolbar)

(Eclipse:4307): Gtk-WARNING **: Negative content width -6 (allocation 1, extents 4x3) while allocating gadget (node toolbar, owner GtkToolbar)

(Eclipse:4307): Gtk-WARNING **: Allocating size to GtkScrolledWindow 0x7fd3bc2155c0 without calling gtk_widget_get_preferred_width/height(). How does the code know the size to allocate?

(Eclipse:4307): Gtk-WARNING **: Negative content width -6 (allocation 1, extents 4x3) while allocating gadget (node toolbar, owner GtkToolbar)

(Eclipse:4307): Gtk-WARNING **: Allocating size to GtkScrolledWindow 0x7fd3bc2155c0 without calling gtk_widget_get_preferred_width/height(). How does the code know the size to allocate?

(Eclipse:4307): Gtk-WARNING **: Allocating size to GtkScrolledWindow 0x7fd3bc2155c0 without calling gtk_widget_get_preferred_width/height(). How does the code know the size to allocate?

(Eclipse:4307): Gtk-WARNING **: Allocating size to GtkScrolledWindow 0x7fd3bc2155c0 without calling gtk_widget_get_preferred_width/height(). How does the code know the size to allocate?

(Eclipse:4307): Gtk-WARNING **: Negative content width -17 (allocation 1, extents 9x9) while allocating gadget (node entry, owner GtkEntry)

(Eclipse:4307): Gtk-WARNING **: Negative content width -6 (allocation 1, extents 4x3) while allocating gadget (node toolbar, owner GtkToolbar)

(Eclipse:4307): Gtk-WARNING **: Allocating size to GtkScrolledWindow 0x7fd3bc2155c0 without calling gtk_widget_get_preferred_width/height(). How does the code know the size to allocate?

(Eclipse:4307): Gtk-WARNING **: Negative content width -6 (allocation 1, extents 4x3) while allocating gadget (node toolbar, owner GtkToolbar)

(Eclipse:4307): Gtk-WARNING **: Negative content width -6 (allocation 1, extents 4x3) while allocating gadget (node toolbar, owner GtkToolbar)

(Eclipse:4307): Gtk-WARNING **: Negative content width -6 (allocation 1, extents 4x3) while allocating gadget (node toolbar, owner GtkToolbar)

(Eclipse:4307): Gtk-WARNING **: Negative content width -6 (allocation 1, extents 4x3) while allocating gadget (node toolbar, owner GtkToolbar)

(Eclipse:4307): Gtk-WARNING **: Negative content width -6 (allocation 1, extents 4x3) while allocating gadget (node toolbar, owner GtkToolbar)

(Eclipse:4307): Gtk-WARNING **: Negative content width -6 (allocation 1, extents 4x3) while allocating gadget (node toolbar, owner GtkToolbar)

(Eclipse:4307): Gtk-WARNING **: Negative content width -6 (allocation 1, extents 4x3) while allocating gadget (node toolbar, owner GtkToolbar)

(Eclipse:4307): Gtk-WARNING **: Negative content width -6 (allocation 1, extents 4x3) while allocating gadget (node toolbar, owner GtkToolbar)

(Eclipse:4307): Gtk-WARNING **: Negative content width -6 (allocation 1, extents 4x3) while allocating gadget (node toolbar, owner GtkToolbar)

(Eclipse:4307): Gtk-WARNING **: Negative content width -6 (allocation 1, extents 4x3) while allocating gadget (node toolbar, owner GtkToolbar)

(Eclipse:4307): Gtk-WARNING **: Negative content height -3 (allocation 1, extents 2x2) while allocating gadget (node toolbar, owner GtkToolbar)

(Eclipse:4307): Gtk-WARNING **: Negative content width -6 (allocation 1, extents 4x3) while allocating gadget (node toolbar, owner GtkToolbar)

(Eclipse:4307): Gtk-WARNING **: Negative content height -3 (allocation 1, extents 2x2) while allocating gadget (node toolbar, owner GtkToolbar)

(Eclipse:4307): Gtk-WARNING **: Allocating size to GtkScrolledWindow 0x7fd3bc2155c0 without calling gtk_widget_get_preferred_width/height(). How does the code know the size to allocate?

(Eclipse:4307): Gtk-WARNING **: Allocating size to GtkScrolledWindow 0x7fd3bc215f80 without calling gtk_widget_get_preferred_width/height(). How does the code know the size to allocate?

(Eclipse:4307): Gtk-WARNING **: Allocating size to GtkScrolledWindow 0x7fd3bc215f80 without calling gtk_widget_get_preferred_width/height(). How does the code know the size to allocate?

(Eclipse:4307): Gtk-WARNING **: Negative content width -6 (allocation 1, extents 4x3) while allocating gadget (node toolbar, owner GtkToolbar)

(Eclipse:4307): Gtk-WARNING **: Allocating size to GtkScrolledWindow 0x7fd3bc215900 without calling gtk_widget_get_preferred_width/height(). How does the code know the size to allocate?

(Eclipse:4307): Gtk-WARNING **: Negative content width -6 (allocation 1, extents 4x3) while allocating gadget (node toolbar, owner GtkToolbar)

(Eclipse:4307): Gtk-WARNING **: Allocating size to GtkScrolledWindow 0x7fd3bc2155c0 without calling gtk_widget_get_preferred_width/height(). How does the code know the size to allocate?

(Eclipse:4307): Gtk-WARNING **: Negative content width -6 (allocation 1, extents 4x3) while allocating gadget (node toolbar, owner GtkToolbar)

(Eclipse:4307): Gtk-WARNING **: Negative content width -6 (allocation 1, extents 4x3) while allocating gadget (node toolbar, owner GtkToolbar)

(Eclipse:4307): Gtk-WARNING **: Negative content width -6 (allocation 1, extents 4x3) while allocating gadget (node toolbar, owner GtkToolbar)

(Eclipse:4307): Gtk-WARNING **: Negative content width -6 (allocation 1, extents 4x3) while allocating gadget (node toolbar, owner GtkToolbar)

(Eclipse:4307): Gtk-WARNING **: Negative content width -6 (allocation 1, extents 4x3) while allocating gadget (node toolbar, owner GtkToolbar)

(Eclipse:4307): Gtk-WARNING **: Negative content width -6 (allocation 1, extents 4x3) while allocating gadget (node toolbar, owner GtkToolbar)

(Eclipse:4307): Gtk-WARNING **: Allocating size to GtkScrolledWindow 0x7fd3bc2155c0 without calling gtk_widget_get_preferred_width/height(). How does the code know the size to allocate?

(Eclipse:4307): Gtk-WARNING **: Negative content width -6 (allocation 1, extents 4x3) while allocating gadget (node toolbar, owner GtkToolbar)

(Eclipse:4307): Gtk-WARNING **: Negative content width -6 (allocation 1, extents 4x3) while allocating gadget (node toolbar, owner GtkToolbar)

(Eclipse:4307): Gtk-WARNING **: Negative content width -6 (allocation 1, extents 4x3) while allocating gadget (node toolbar, owner GtkToolbar)

(Eclipse:4307): Gtk-WARNING **: Negative content width -6 (allocation 1, extents 4x3) while allocating gadget (node toolbar, owner GtkToolbar)

(Eclipse:4307): Gtk-WARNING **: Negative content width -6 (allocation 1, extents 4x3) while allocating gadget (node toolbar, owner GtkToolbar)

(Eclipse:4307): Gtk-WARNING **: Negative content width -6 (allocation 1, extents 4x3) while allocating gadget (node toolbar, owner GtkToolbar)

(Eclipse:4307): Gtk-WARNING **: Negative content width -6 (allocation 1, extents 4x3) while allocating gadget (node toolbar, owner GtkToolbar)

(Eclipse:4307): Gtk-WARNING **: Allocating size to GtkScrolledWindow 0x7fd3bc2155c0 without calling gtk_widget_get_preferred_width/height(). How does the code know the size to allocate?

(Eclipse:4307): Gtk-WARNING **: Negative content width -17 (allocation 1, extents 9x9) while allocating gadget (node entry, owner GtkEntry)

(Eclipse:4307): Gtk-WARNING **: Negative content width -17 (allocation 1, extents 9x9) while allocating gadget (node entry, owner GtkEntry)

(Eclipse:4307): Gtk-WARNING **: Allocating size to GtkScrolledWindow 0x7fd3bc2155c0 without calling gtk_widget_get_preferred_width/height(). How does the code know the size to allocate?

(Eclipse:4307): Gtk-WARNING **: Allocating size to GtkScrolledWindow 0x7fd3bc2155c0 without calling gtk_widget_get_preferred_width/height(). How does the code know the size to allocate?

(Eclipse:4307): Gtk-WARNING **: Allocating size to GtkScrolledWindow 0x7fd3bc2155c0 without calling gtk_widget_get_preferred_width/height(). How does the code know the size to allocate?

(Eclipse:4307): Gtk-WARNING **: Allocating size to GtkScrolledWindow 0x7fd3bc2155c0 without calling gtk_widget_get_preferred_width/height(). How does the code know the size to allocate?

(Eclipse:4307): Gtk-WARNING **: Negative content width -17 (allocation 1, extents 9x9) while allocating gadget (node entry, owner GtkEntry)

(Eclipse:4307): Gtk-WARNING **: Negative content width -6 (allocation 1, extents 4x3) while allocating gadget (node toolbar, owner GtkToolbar)

(Eclipse:4307): Gtk-WARNING **: Negative content width -6 (allocation 1, extents 4x3) while allocating gadget (node toolbar, owner GtkToolbar)

(Eclipse:4307): Gtk-WARNING **: Allocating size to GtkScrolledWindow 0x7fd2b241b740 without calling gtk_widget_get_preferred_width/height(). How does the code know the size to allocate?

(Eclipse:4307): Gtk-WARNING **: Negative content width -6 (allocation 1, extents 4x3) while allocating gadget (node toolbar, owner GtkToolbar)

(Eclipse:4307): Gtk-WARNING **: Negative content width -17 (allocation 1, extents 9x9) while allocating gadget (node entry, owner GtkEntry)

(Eclipse:4307): Gtk-WARNING **: Allocating size to GtkScrolledWindow 0x7fd3bc2155c0 without calling gtk_widget_get_preferred_width/height(). How does the code know the size to allocate?

(Eclipse:4307): Gtk-WARNING **: Negative content width -6 (allocation 1, extents 4x3) while allocating gadget (node toolbar, owner GtkToolbar)

(Eclipse:4307): Gtk-WARNING **: Negative content height -3 (allocation 1, extents 2x2) while allocating gadget (node toolbar, owner GtkToolbar)

(Eclipse:4307): Gtk-WARNING **: Negative content width -6 (allocation 1, extents 4x3) while allocating gadget (node toolbar, owner GtkToolbar)

(Eclipse:4307): Gtk-WARNING **: Negative content height -3 (allocation 1, extents 2x2) while allocating gadget (node toolbar, owner GtkToolbar)

(Eclipse:4307): Gtk-WARNING **: Negative content width -6 (allocation 1, extents 4x3) while allocating gadget (node toolbar, owner GtkToolbar)
